d:\google drive\trabajo doctorado\visualstudionvidia2080rtx\gpu_experimentos\gpu_experimentos\gpu_experimentos\x64\release\vc140.pdb
d:\google drive\trabajo doctorado\visualstudionvidia2080rtx\gpu_experimentos\gpu_experimentos\gpu_experimentos\x64\release\funcionesaux.obj
x64\release\filtroscolor.cu.obj
x64\release\kernel.cu.obj
d:\google drive\trabajo doctorado\visualstudionvidia2080rtx\gpu_experimentos\gpu_experimentos\x64\release\gpu_experimentos.lib
d:\google drive\trabajo doctorado\visualstudionvidia2080rtx\gpu_experimentos\gpu_experimentos\x64\release\gpu_experimentos.exp
d:\google drive\trabajo doctorado\visualstudionvidia2080rtx\gpu_experimentos\gpu_experimentos\x64\release\gpu_experimentos.exe
d:\google drive\trabajo doctorado\visualstudionvidia2080rtx\gpu_experimentos\gpu_experimentos\x64\release\gpu_experimentos.pdb
d:\google drive\trabajo doctorado\visualstudionvidia2080rtx\gpu_experimentos\gpu_experimentos\gpu_experimentos\x64\release\filtroscolor.cu.cache
d:\google drive\trabajo doctorado\visualstudionvidia2080rtx\gpu_experimentos\gpu_experimentos\gpu_experimentos\x64\release\kernel.cu.cache
d:\google drive\trabajo doctorado\visualstudionvidia2080rtx\gpu_experimentos\gpu_experimentos\gpu_experimentos\x64\release\filtroscolor.cu.obj
d:\google drive\trabajo doctorado\visualstudionvidia2080rtx\gpu_experimentos\gpu_experimentos\gpu_experimentos\x64\release\kernel.cu.obj
d:\google drive\trabajo doctorado\visualstudionvidia2080rtx\gpu_experimentos\gpu_experimentos\gpu_experimentos\x64\release\gpu_experimentos.tlog\cl.command.1.tlog
d:\google drive\trabajo doctorado\visualstudionvidia2080rtx\gpu_experimentos\gpu_experimentos\gpu_experimentos\x64\release\gpu_experimentos.tlog\cl.read.1.tlog
d:\google drive\trabajo doctorado\visualstudionvidia2080rtx\gpu_experimentos\gpu_experimentos\gpu_experimentos\x64\release\gpu_experimentos.tlog\cl.write.1.tlog
d:\google drive\trabajo doctorado\visualstudionvidia2080rtx\gpu_experimentos\gpu_experimentos\gpu_experimentos\x64\release\gpu_experimentos.tlog\cudacompile.read.1u.tlog
d:\google drive\trabajo doctorado\visualstudionvidia2080rtx\gpu_experimentos\gpu_experimentos\gpu_experimentos\x64\release\gpu_experimentos.tlog\cudacompile.write.1u.tlog
d:\google drive\trabajo doctorado\visualstudionvidia2080rtx\gpu_experimentos\gpu_experimentos\gpu_experimentos\x64\release\gpu_experimentos.tlog\gpu_experimentos.write.1u.tlog
d:\google drive\trabajo doctorado\visualstudionvidia2080rtx\gpu_experimentos\gpu_experimentos\gpu_experimentos\x64\release\gpu_experimentos.tlog\link.command.1.tlog
d:\google drive\trabajo doctorado\visualstudionvidia2080rtx\gpu_experimentos\gpu_experimentos\gpu_experimentos\x64\release\gpu_experimentos.tlog\link.read.1.tlog
d:\google drive\trabajo doctorado\visualstudionvidia2080rtx\gpu_experimentos\gpu_experimentos\gpu_experimentos\x64\release\gpu_experimentos.tlog\link.write.1.tlog
