d:\google drive\trabajo doctorado\visualstudionvidia2080rtx\multicoreexperimentos\multicoreexperimentos\multicoreexperimentos\x64\debug\multicoreexperimentos.pch
d:\google drive\trabajo doctorado\visualstudionvidia2080rtx\multicoreexperimentos\multicoreexperimentos\multicoreexperimentos\x64\debug\vc140.pdb
d:\google drive\trabajo doctorado\visualstudionvidia2080rtx\multicoreexperimentos\multicoreexperimentos\multicoreexperimentos\x64\debug\vc140.idb
d:\google drive\trabajo doctorado\visualstudionvidia2080rtx\multicoreexperimentos\multicoreexperimentos\multicoreexperimentos\x64\debug\stdafx.obj
d:\google drive\trabajo doctorado\visualstudionvidia2080rtx\multicoreexperimentos\multicoreexperimentos\multicoreexperimentos\x64\debug\bvdf_filter_cpu.obj
d:\google drive\trabajo doctorado\visualstudionvidia2080rtx\multicoreexperimentos\multicoreexperimentos\multicoreexperimentos\x64\debug\ddf_filter_cpu.obj
d:\google drive\trabajo doctorado\visualstudionvidia2080rtx\multicoreexperimentos\multicoreexperimentos\multicoreexperimentos\x64\debug\fastbvdf_filter_cpu.obj
d:\google drive\trabajo doctorado\visualstudionvidia2080rtx\multicoreexperimentos\multicoreexperimentos\multicoreexperimentos\x64\debug\fastddf_filter_cpu.obj
d:\google drive\trabajo doctorado\visualstudionvidia2080rtx\multicoreexperimentos\multicoreexperimentos\multicoreexperimentos\x64\debug\ftscf_filter_cpu.obj
d:\google drive\trabajo doctorado\visualstudionvidia2080rtx\multicoreexperimentos\multicoreexperimentos\multicoreexperimentos\x64\debug\fuzzypeergroup.obj
d:\google drive\trabajo doctorado\visualstudionvidia2080rtx\multicoreexperimentos\multicoreexperimentos\multicoreexperimentos\x64\debug\gvdf_filter_cpu.obj
d:\google drive\trabajo doctorado\visualstudionvidia2080rtx\multicoreexperimentos\multicoreexperimentos\multicoreexperimentos\x64\debug\multicoreexperimentos.obj
d:\google drive\trabajo doctorado\visualstudionvidia2080rtx\multicoreexperimentos\multicoreexperimentos\multicoreexperimentos\x64\debug\vmf_filter_cpu.obj
d:\google drive\trabajo doctorado\visualstudionvidia2080rtx\multicoreexperimentos\multicoreexperimentos\x64\debug\multicoreexperimentos.ilk
d:\google drive\trabajo doctorado\visualstudionvidia2080rtx\multicoreexperimentos\multicoreexperimentos\x64\debug\multicoreexperimentos.exe
d:\google drive\trabajo doctorado\visualstudionvidia2080rtx\multicoreexperimentos\multicoreexperimentos\x64\debug\multicoreexperimentos.pdb
d:\google drive\trabajo doctorado\visualstudionvidia2080rtx\multicoreexperimentos\multicoreexperimentos\multicoreexperimentos\x64\debug\ftscf_filter_cpu.obj.enc
d:\google drive\trabajo doctorado\visualstudionvidia2080rtx\multicoreexperimentos\multicoreexperimentos\multicoreexperimentos\x64\debug\multicor.775768fa.tlog\cl.command.1.tlog
d:\google drive\trabajo doctorado\visualstudionvidia2080rtx\multicoreexperimentos\multicoreexperimentos\multicoreexperimentos\x64\debug\multicor.775768fa.tlog\cl.read.1.tlog
d:\google drive\trabajo doctorado\visualstudionvidia2080rtx\multicoreexperimentos\multicoreexperimentos\multicoreexperimentos\x64\debug\multicor.775768fa.tlog\cl.write.1.tlog
d:\google drive\trabajo doctorado\visualstudionvidia2080rtx\multicoreexperimentos\multicoreexperimentos\multicoreexperimentos\x64\debug\multicor.775768fa.tlog\link.command.1.tlog
d:\google drive\trabajo doctorado\visualstudionvidia2080rtx\multicoreexperimentos\multicoreexperimentos\multicoreexperimentos\x64\debug\multicor.775768fa.tlog\link.read.1.tlog
d:\google drive\trabajo doctorado\visualstudionvidia2080rtx\multicoreexperimentos\multicoreexperimentos\multicoreexperimentos\x64\debug\multicor.775768fa.tlog\link.write.1.tlog
